<?xml version="1.0" encoding="UTF-8"?>
<!-- Generated by org.testng.reporters.JUnitReportReporter -->
<testsuite hostname="DESKTOP-2Q8FA74" failures="0" tests="4" name="api.test.UserTest2" time="7.366" errors="0" timestamp="2024-08-24T18:15:38 BST" skipped="0">
  <testcase classname="api.test.UserTest2" name="testPostUser" time="4.543"/>
  <system-out/>
  <testcase classname="api.test.UserTest2" name="testGetUserByName" time="0.905"/>
  <system-out/>
  <testcase classname="api.test.UserTest2" name="testUpdateuserByName" time="1.289"/>
  <system-out/>
  <testcase classname="api.test.UserTest2" name="testDeleteUserByName" time="0.629"/>
  <system-out/>
</testsuite> <!-- api.test.UserTest2 -->
