<?xml version="1.0" encoding="UTF-8"?>
<!-- Generated by org.testng.reporters.JUnitReportReporter -->
<testsuite hostname="DESKTOP-2Q8FA74" failures="0" tests="4" name="api.test.UserTest" time="6.779" errors="0" timestamp="2024-08-24T16:28:46 BST" skipped="0">
  <testcase classname="api.test.UserTest" name="testPostUser" time="4.255"/>
  <system-out/>
  <testcase classname="api.test.UserTest" name="testGetUserByName" time="0.695"/>
  <system-out/>
  <testcase classname="api.test.UserTest" name="testUpdateuserByName" time="1.221"/>
  <system-out/>
  <testcase classname="api.test.UserTest" name="testDeleteUserByName" time="0.608"/>
  <system-out/>
</testsuite> <!-- api.test.UserTest -->
