<?xml version="1.0" encoding="UTF-8"?>
<!-- Generated by org.testng.reporters.JUnitReportReporter -->
<testsuite hostname="DESKTOP-2Q8FA74" failures="0" tests="6" name="api.test.DDTests" time="7.914" errors="0" timestamp="2024-08-24T14:57:53 BST" skipped="0">
  <testcase classname="api.test.DDTests" name="testPostUser" time="4.609"/>
  <system-out/>
  <testcase classname="api.test.DDTests" name="testPostUser" time="0.614"/>
  <system-out/>
  <testcase classname="api.test.DDTests" name="testPostUser" time="0.621"/>
  <system-out/>
  <testcase classname="api.test.DDTests" name="testDeleteUserByName" time="0.666"/>
  <system-out/>
  <testcase classname="api.test.DDTests" name="testDeleteUserByName" time="0.594"/>
  <system-out/>
  <testcase classname="api.test.DDTests" name="testDeleteUserByName" time="0.810"/>
  <system-out/>
</testsuite> <!-- api.test.DDTests -->
