<?xml version="1.0" encoding="UTF-8"?>
<!-- Generated by org.testng.reporters.JUnitReportReporter -->
<testsuite hostname="DESKTOP-2Q8FA74" failures="0" tests="4" name="api.test.UserTest2" time="6.426" errors="0" timestamp="2024-08-24T18:52:50 BST" skipped="0">
  <testcase classname="api.test.UserTest2" name="testPostUser" time="3.972"/>
  <system-out/>
  <testcase classname="api.test.UserTest2" name="testGetUserByName" time="0.672"/>
  <system-out/>
  <testcase classname="api.test.UserTest2" name="testUpdateuserByName" time="1.157"/>
  <system-out/>
  <testcase classname="api.test.UserTest2" name="testDeleteUserByName" time="0.625"/>
  <system-out/>
</testsuite> <!-- api.test.UserTest2 -->
